# JRE version: OpenJDK Runtime Environment (11.0.11+9) (build 11.0.11+9)
# Java VM: OpenJDK 64-Bit Server VM (11.0.11+9, mixed mode, tiered, compressed oops, g1 gc, linux-amd64)
Heap:
 garbage-first heap   total 514048K, used 53439K [0x00000006e4800000, 0x0000000800000000)
  region size 1024K, 39 young (39936K), 2 survivors (2048K)
 Metaspace       used 31804K, capacity 32409K, committed 32816K, reserved 1077248K
  class space    used 4007K, capacity 4216K, committed 4224K, reserved 1048576K
GC Heap History (6 events):
Event: 0.285 GC heap before
{Heap before GC invocations=0 (full 0):
 garbage-first heap   total 514048K, used 30720K [0x00000006e4800000, 0x0000000800000000)
  region size 1024K, 25 young (25600K), 0 survivors (0K)
 Metaspace       used 10395K, capacity 10612K, committed 10880K, reserved 1058816K
  class space    used 1088K, capacity 1132K, committed 1152K, reserved 1048576K
}
Event: 0.293 GC heap after
{Heap after GC invocations=1 (full 0):
 garbage-first heap   total 514048K, used 8514K [0x00000006e4800000, 0x0000000800000000)
  region size 1024K, 4 young (4096K), 4 survivors (4096K)
 Metaspace       used 10395K, capacity 10612K, committed 10880K, reserved 1058816K
  class space    used 1088K, capacity 1132K, committed 1152K, reserved 1048576K
}
Event: 0.719 GC heap before
{Heap before GC invocations=1 (full 0):
 garbage-first heap   total 514048K, used 82242K [0x00000006e4800000, 0x0000000800000000)
  region size 1024K, 77 young (78848K), 4 survivors (4096K)
 Metaspace       used 20634K, capacity 21074K, committed 21296K, reserved 1069056K
  class space    used 2445K, capacity 2648K, committed 2688K, reserved 1048576K
}
Event: 0.724 GC heap after
{Heap after GC invocations=2 (full 0):
 garbage-first heap   total 514048K, used 15576K [0x00000006e4800000, 0x0000000800000000)
  region size 1024K, 11 young (11264K), 11 survivors (11264K)
 Metaspace       used 20634K, capacity 21074K, committed 21296K, reserved 1069056K
  class space    used 2445K, capacity 2648K, committed 2688K, reserved 1048576K
}
Event: 0.935 GC heap before
{Heap before GC invocations=3 (full 0):
 garbage-first heap   total 514048K, used 54488K [0x00000006e4800000, 0x0000000800000000)
  region size 1024K, 49 young (50176K), 11 survivors (11264K)
 Metaspace       used 25248K, capacity 25747K, committed 26160K, reserved 1073152K
  class space    used 3188K, capacity 3356K, committed 3456K, reserved 1048576K
}
Event: 0.938 GC heap after
{Heap after GC invocations=4 (full 0):
 garbage-first heap   total 514048K, used 17599K [0x00000006e4800000, 0x0000000800000000)
  region size 1024K, 2 young (2048K), 2 survivors (2048K)
 Metaspace       used 25248K, capacity 25747K, committed 26160K, reserved 1073152K
  class space    used 3188K, capacity 3356K, committed 3456K, reserved 1048576K
}

