# JRE version: OpenJDK Runtime Environment (11.0.11+9) (build 11.0.11+9)
# Java VM: OpenJDK 64-Bit Server VM (11.0.11+9, mixed mode, tiered, compressed oops, g1 gc, linux-amd64)
Heap:
 garbage-first heap   total 514048K, used 82466K [0x00000006e4800000, 0x0000000800000000)
  region size 1024K, 65 young (66560K), 6 survivors (6144K)
 Metaspace       used 40202K, capacity 41041K, committed 41244K, reserved 1085440K
  class space    used 5138K, capacity 5428K, committed 5484K, reserved 1048576K
GC Heap History (8 events):
Event: 0.264 GC heap before
{Heap before GC invocations=0 (full 0):
 garbage-first heap   total 514048K, used 30720K [0x00000006e4800000, 0x0000000800000000)
  region size 1024K, 25 young (25600K), 0 survivors (0K)
 Metaspace       used 10380K, capacity 10612K, committed 10880K, reserved 1058816K
  class space    used 1088K, capacity 1132K, committed 1152K, reserved 1048576K
}
Event: 0.268 GC heap after
{Heap after GC invocations=1 (full 0):
 garbage-first heap   total 514048K, used 8581K [0x00000006e4800000, 0x0000000800000000)
  region size 1024K, 4 young (4096K), 4 survivors (4096K)
 Metaspace       used 10380K, capacity 10612K, committed 10880K, reserved 1058816K
  class space    used 1088K, capacity 1132K, committed 1152K, reserved 1048576K
}
Event: 0.742 GC heap before
{Heap before GC invocations=1 (full 0):
 garbage-first heap   total 514048K, used 81285K [0x00000006e4800000, 0x0000000800000000)
  region size 1024K, 75 young (76800K), 4 survivors (4096K)
 Metaspace       used 20566K, capacity 21042K, committed 21296K, reserved 1069056K
  class space    used 2427K, capacity 2616K, committed 2688K, reserved 1048576K
}
Event: 0.747 GC heap after
{Heap after GC invocations=2 (full 0):
 garbage-first heap   total 514048K, used 15393K [0x00000006e4800000, 0x0000000800000000)
  region size 1024K, 11 young (11264K), 11 survivors (11264K)
 Metaspace       used 20566K, capacity 21042K, committed 21296K, reserved 1069056K
  class space    used 2427K, capacity 2616K, committed 2688K, reserved 1048576K
}
Event: 0.976 GC heap before
{Heap before GC invocations=3 (full 0):
 garbage-first heap   total 514048K, used 58401K [0x00000006e4800000, 0x0000000800000000)
  region size 1024K, 53 young (54272K), 11 survivors (11264K)
 Metaspace       used 25543K, capacity 26035K, committed 26416K, reserved 1073152K
  class space    used 3234K, capacity 3388K, committed 3456K, reserved 1048576K
}
Event: 0.980 GC heap after
{Heap after GC invocations=4 (full 0):
 garbage-first heap   total 514048K, used 17761K [0x00000006e4800000, 0x0000000800000000)
  region size 1024K, 3 young (3072K), 3 survivors (3072K)
 Metaspace       used 25543K, capacity 26035K, committed 26416K, reserved 1073152K
  class space    used 3234K, capacity 3388K, committed 3456K, reserved 1048576K
}
Event: 1.290 GC heap before
{Heap before GC invocations=4 (full 0):
 garbage-first heap   total 514048K, used 68961K [0x00000006e4800000, 0x0000000800000000)
  region size 1024K, 55 young (56320K), 3 survivors (3072K)
 Metaspace       used 34953K, capacity 35552K, committed 35888K, reserved 1081344K
  class space    used 4458K, capacity 4711K, committed 4736K, reserved 1048576K
}
Event: 1.296 GC heap after
{Heap after GC invocations=5 (full 0):
 garbage-first heap   total 514048K, used 21026K [0x00000006e4800000, 0x0000000800000000)
  region size 1024K, 6 young (6144K), 6 survivors (6144K)
 Metaspace       used 34953K, capacity 35552K, committed 35888K, reserved 1081344K
  class space    used 4458K, capacity 4711K, committed 4736K, reserved 1048576K
}

