# JRE version: OpenJDK Runtime Environment (11.0.11+9) (build 11.0.11+9)
# Java VM: OpenJDK 64-Bit Server VM (11.0.11+9, mixed mode, tiered, compressed oops, g1 gc, linux-amd64)
Heap:
 garbage-first heap   total 514048K, used 43059K [0x00000006e4800000, 0x0000000800000000)
  region size 1024K, 29 young (29696K), 3 survivors (3072K)
 Metaspace       used 32289K, capacity 32921K, committed 33456K, reserved 1079296K
  class space    used 4062K, capacity 4280K, committed 4352K, reserved 1048576K
GC Heap History (6 events):
Event: 0.263 GC heap before
{Heap before GC invocations=0 (full 0):
 garbage-first heap   total 514048K, used 30720K [0x00000006e4800000, 0x0000000800000000)
  region size 1024K, 25 young (25600K), 0 survivors (0K)
 Metaspace       used 10400K, capacity 10612K, committed 10880K, reserved 1058816K
  class space    used 1088K, capacity 1132K, committed 1152K, reserved 1048576K
}
Event: 0.266 GC heap after
{Heap after GC invocations=1 (full 0):
 garbage-first heap   total 514048K, used 8289K [0x00000006e4800000, 0x0000000800000000)
  region size 1024K, 4 young (4096K), 4 survivors (4096K)
 Metaspace       used 10400K, capacity 10612K, committed 10880K, reserved 1058816K
  class space    used 1088K, capacity 1132K, committed 1152K, reserved 1048576K
}
Event: 0.756 GC heap before
{Heap before GC invocations=1 (full 0):
 garbage-first heap   total 514048K, used 80993K [0x00000006e4800000, 0x0000000800000000)
  region size 1024K, 76 young (77824K), 4 survivors (4096K)
 Metaspace       used 20562K, capacity 21042K, committed 21296K, reserved 1069056K
  class space    used 2428K, capacity 2616K, committed 2688K, reserved 1048576K
}
Event: 0.760 GC heap after
{Heap after GC invocations=2 (full 0):
 garbage-first heap   total 514048K, used 15177K [0x00000006e4800000, 0x0000000800000000)
  region size 1024K, 11 young (11264K), 11 survivors (11264K)
 Metaspace       used 20562K, capacity 21042K, committed 21296K, reserved 1069056K
  class space    used 2428K, capacity 2616K, committed 2688K, reserved 1048576K
}
Event: 1.012 GC heap before
{Heap before GC invocations=3 (full 0):
 garbage-first heap   total 514048K, used 67401K [0x00000006e4800000, 0x0000000800000000)
  region size 1024K, 62 young (63488K), 11 survivors (11264K)
 Metaspace       used 26438K, capacity 27014K, committed 27440K, reserved 1073152K
  class space    used 3378K, capacity 3611K, committed 3712K, reserved 1048576K
}
Event: 1.017 GC heap after
{Heap after GC invocations=4 (full 0):
 garbage-first heap   total 514048K, used 17459K [0x00000006e4800000, 0x0000000800000000)
  region size 1024K, 3 young (3072K), 3 survivors (3072K)
 Metaspace       used 26438K, capacity 27014K, committed 27440K, reserved 1073152K
  class space    used 3378K, capacity 3611K, committed 3712K, reserved 1048576K
}

